<?xml version="1.0" encoding="UTF-8"?>
<!-- Generated by org.testng.reporters.JUnitXMLReporter -->
<testsuite ignored="1" hostname="DESKTOP-LC07NHQ" failures="0" tests="1" name="Default test" time="52.173" errors="0" timestamp="2022-11-16T00:37:14 IST">
  <testcase classname="testscripts.DashboardTest" name="verifyProfileAboutContentTest" time="2.492"/>
  <testcase classname="testscripts.DashboardTest" name="verifyWidgetsCountandText" time="0.0">
    <ignored/>
  </testcase> <!-- verifyWidgetsCountandText -->
</testsuite> <!-- Default test -->
