<?xml version="1.0" encoding="UTF-8"?>
<testng-results ignored="1" total="2" passed="1" failed="0" skipped="0">
  <reporter-output>
  </reporter-output>
  <suite started-at="2022-11-16T00:36:22 IST" name="Default suite" finished-at="2022-11-16T00:37:14 IST" duration-ms="52173">
    <groups>
    </groups>
    <test started-at="2022-11-16T00:36:22 IST" name="Default test" finished-at="2022-11-16T00:37:14 IST" duration-ms="52173">
      <class name="testscripts.DashboardTest">
        <test-method is-config="true" signature="setUp()[pri:0, instance:testscripts.DashboardTest@be35cd9]" started-at="2022-11-16T00:36:22 IST" name="setUp" finished-at="2022-11-16T00:37:12 IST" duration-ms="49393" status="PASS">
          <reporter-output>
          </reporter-output>
        </test-method> <!-- setUp -->
        <test-method signature="verifyProfileAboutContentTest()[pri:0, instance:testscripts.DashboardTest@be35cd9]" started-at="2022-11-16T00:37:12 IST" name="verifyProfileAboutContentTest" finished-at="2022-11-16T00:37:14 IST" duration-ms="2492" status="PASS">
          <reporter-output>
          </reporter-output>
        </test-method> <!-- verifyProfileAboutContentTest -->
        <test-method is-config="true" signature="tearDown()[pri:0, instance:testscripts.DashboardTest@be35cd9]" started-at="2022-11-16T00:37:14 IST" name="tearDown" finished-at="2022-11-16T00:37:14 IST" duration-ms="209" status="PASS">
          <reporter-output>
          </reporter-output>
        </test-method> <!-- tearDown -->
      </class> <!-- testscripts.DashboardTest -->
    </test> <!-- Default test -->
  </suite> <!-- Default suite -->
</testng-results>
